  [1m[35m (3.3ms)[0m  [1m[34mSELECT sqlite_version(*)[0m
  [1m[35m (1.4ms)[0m  [1m[35mCREATE TABLE "schema_migrations" ("version" varchar NOT NULL PRIMARY KEY)[0m
  [1m[35m (1.3ms)[0m  [1m[35mCREATE TABLE "ar_internal_metadata" ("key" varchar NOT NULL PRIMARY KEY, "value" varchar, "created_at" datetime(6) NOT NULL, "updated_at" datetime(6) NOT NULL)[0m
  [1m[35m (0.2ms)[0m  [1m[34mSELECT "schema_migrations"."version" FROM "schema_migrations" ORDER BY "schema_migrations"."version" ASC[0m
Migrating to CreateBuckets (20210106024055)
  [1m[35m (0.1ms)[0m  [1m[36mbegin transaction[0m
  [1m[35m (0.4ms)[0m  [1m[35mCREATE TABLE "buckets" ("id" integer PRIMARY KEY AUTOINCREMENT NOT NULL, "name" varchar, "created_at" datetime(6) NOT NULL, "updated_at" datetime(6) NOT NULL)[0m
  [1m[36mprimary::SchemaMigration Create (0.2ms)[0m  [1m[32mINSERT INTO "schema_migrations" ("version") VALUES (?)[0m  [["version", "20210106024055"]]
  [1m[35m (0.9ms)[0m  [1m[36mcommit transaction[0m
Migrating to CreateThings (20210106024928)
  [1m[35m (0.1ms)[0m  [1m[36mbegin transaction[0m
  [1m[35m (0.4ms)[0m  [1m[35mCREATE TABLE "things" ("id" integer PRIMARY KEY AUTOINCREMENT NOT NULL, "description" varchar, "bucket_id" integer, "created_at" datetime(6) NOT NULL, "updated_at" datetime(6) NOT NULL)[0m
  [1m[36mprimary::SchemaMigration Create (0.1ms)[0m  [1m[32mINSERT INTO "schema_migrations" ("version") VALUES (?)[0m  [["version", "20210106024928"]]
  [1m[35m (1.1ms)[0m  [1m[36mcommit transaction[0m
  [1m[36mActiveRecord::InternalMetadata Load (0.1ms)[0m  [1m[34mSELECT "ar_internal_metadata".* FROM "ar_internal_metadata" WHERE "ar_internal_metadata"."key" = ? LIMIT ?[0m  [["key", "environment"], ["LIMIT", 1]]
  [1m[35m (0.0ms)[0m  [1m[36mbegin transaction[0m
  [1m[36mActiveRecord::InternalMetadata Create (0.3ms)[0m  [1m[32mINSERT INTO "ar_internal_metadata" ("key", "value", "created_at", "updated_at") VALUES (?, ?, ?, ?)[0m  [["key", "environment"], ["value", "development"], ["created_at", "2021-01-06 02:50:09.171515"], ["updated_at", "2021-01-06 02:50:09.171515"]]
  [1m[35m (1.0ms)[0m  [1m[36mcommit transaction[0m
  [1m[35m (0.0ms)[0m  [1m[34mSELECT sqlite_version(*)[0m
  [1m[35m (0.1ms)[0m  [1m[34mSELECT "schema_migrations"."version" FROM "schema_migrations" ORDER BY "schema_migrations"."version" ASC[0m
  [1m[35m (0.4ms)[0m  [1m[34mSELECT sqlite_version(*)[0m
  [1m[35m (0.2ms)[0m  [1m[34mSELECT "schema_migrations"."version" FROM "schema_migrations" ORDER BY "schema_migrations"."version" ASC[0m
  [1m[35m (0.0ms)[0m  [1m[34mSELECT sqlite_version(*)[0m
  [1m[35m (0.0ms)[0m  [1m[36mbegin transaction[0m
  [1m[36mBucket Create (0.5ms)[0m  [1m[32mINSERT INTO "buckets" ("name", "created_at", "updated_at") VALUES (?, ?, ?)[0m  [["name", "Travel"], ["created_at", "2021-01-06 03:06:58.401943"], ["updated_at", "2021-01-06 03:06:58.401943"]]
  [1m[35m (0.9ms)[0m  [1m[36mcommit transaction[0m
  [1m[35m (0.1ms)[0m  [1m[36mbegin transaction[0m
  [1m[36mBucket Load (0.1ms)[0m  [1m[34mSELECT "buckets".* FROM "buckets" WHERE "buckets"."id" = ? LIMIT ?[0m  [["id", 1], ["LIMIT", 1]]
  [1m[36mThing Create (0.3ms)[0m  [1m[32mINSERT INTO "things" ("description", "bucket_id", "created_at", "updated_at") VALUES (?, ?, ?, ?)[0m  [["description", "Visit Maldives"], ["bucket_id", 1], ["created_at", "2021-01-06 03:06:58.447264"], ["updated_at", "2021-01-06 03:06:58.447264"]]
  [1m[35m (1.3ms)[0m  [1m[36mcommit transaction[0m
  [1m[35m (0.0ms)[0m  [1m[36mbegin transaction[0m
  [1m[36mBucket Load (0.1ms)[0m  [1m[34mSELECT "buckets".* FROM "buckets" WHERE "buckets"."id" = ? LIMIT ?[0m  [["id", 1], ["LIMIT", 1]]
  [1m[36mThing Create (0.2ms)[0m  [1m[32mINSERT INTO "things" ("description", "bucket_id", "created_at", "updated_at") VALUES (?, ?, ?, ?)[0m  [["description", "Explore the islands of Hawaii"], ["bucket_id", 1], ["created_at", "2021-01-06 03:06:58.451848"], ["updated_at", "2021-01-06 03:06:58.451848"]]
  [1m[35m (0.9ms)[0m  [1m[36mcommit transaction[0m
Started GET "/" for ::1 at 2021-01-05 19:07:55 -0800
  [1m[35m (0.3ms)[0m  [1m[34mSELECT sqlite_version(*)[0m
  [1m[35m (1.1ms)[0m  [1m[34mSELECT "schema_migrations"."version" FROM "schema_migrations" ORDER BY "schema_migrations"."version" ASC[0m
Processing by Rails::WelcomeController#index as HTML
  Rendering /Users/valeriacopleman/.rvm/gems/ruby-2.6.1/gems/railties-6.0.3.4/lib/rails/templates/rails/welcome/index.html.erb
  Rendered /Users/valeriacopleman/.rvm/gems/ruby-2.6.1/gems/railties-6.0.3.4/lib/rails/templates/rails/welcome/index.html.erb (Duration: 7.3ms | Allocations: 481)
Completed 200 OK in 22ms (Views: 15.8ms | ActiveRecord: 0.0ms | Allocations: 2632)


Started GET "/buckets" for ::1 at 2021-01-05 19:08:00 -0800
Processing by BucketsController#index as HTML
  [1m[36mBucket Load (0.2ms)[0m  [1m[34mSELECT "buckets".* FROM "buckets"[0m
  ↳ app/controllers/buckets_controller.rb:8:in `index'
[active_model_serializers] Rendered ActiveModel::Serializer::CollectionSerializer with ActiveModelSerializers::Adapter::Attributes (0.54ms)
Completed 200 OK in 32ms (Views: 23.6ms | ActiveRecord: 2.5ms | Allocations: 7777)


Started GET "/things" for ::1 at 2021-01-05 19:08:10 -0800
Processing by ThingsController#index as HTML
  [1m[36mThing Load (0.2ms)[0m  [1m[34mSELECT "things".* FROM "things"[0m
  ↳ app/controllers/things_controller.rb:8:in `index'
[active_model_serializers] Rendered ActiveModel::Serializer::CollectionSerializer with ActiveModelSerializers::Adapter::Attributes (0.42ms)
Completed 200 OK in 18ms (Views: 15.0ms | ActiveRecord: 0.8ms | Allocations: 5611)


Started GET "/buclet" for ::1 at 2021-01-05 19:11:33 -0800
  [1m[35m (1.0ms)[0m  [1m[34mSELECT sqlite_version(*)[0m
  [1m[35m (0.2ms)[0m  [1m[34mSELECT "schema_migrations"."version" FROM "schema_migrations" ORDER BY "schema_migrations"."version" ASC[0m
  
ActionController::RoutingError (No route matches [GET] "/buclet"):
  
actionpack (6.0.3.4) lib/action_dispatch/middleware/debug_exceptions.rb:36:in `call'
actionpack (6.0.3.4) lib/action_dispatch/middleware/show_exceptions.rb:33:in `call'
railties (6.0.3.4) lib/rails/rack/logger.rb:37:in `call_app'
railties (6.0.3.4) lib/rails/rack/logger.rb:26:in `block in call'
activesupport (6.0.3.4) lib/active_support/tagged_logging.rb:80:in `block in tagged'
activesupport (6.0.3.4) lib/active_support/tagged_logging.rb:28:in `tagged'
activesupport (6.0.3.4) lib/active_support/tagged_logging.rb:80:in `tagged'
railties (6.0.3.4) lib/rails/rack/logger.rb:26:in `call'
actionpack (6.0.3.4) lib/action_dispatch/middleware/remote_ip.rb:81:in `call'
actionpack (6.0.3.4) lib/action_dispatch/middleware/request_id.rb:27:in `call'
rack (2.2.3) lib/rack/runtime.rb:22:in `call'
activesupport (6.0.3.4) lib/active_support/cache/strategy/local_cache_middleware.rb:29:in `call'
actionpack (6.0.3.4) lib/action_dispatch/middleware/executor.rb:14:in `call'
actionpack (6.0.3.4) lib/action_dispatch/middleware/static.rb:126:in `call'
rack (2.2.3) lib/rack/sendfile.rb:110:in `call'
actionpack (6.0.3.4) lib/action_dispatch/middleware/host_authorization.rb:82:in `call'
railties (6.0.3.4) lib/rails/engine.rb:527:in `call'
puma (4.3.7) lib/puma/configuration.rb:228:in `call'
puma (4.3.7) lib/puma/server.rb:713:in `handle_request'
puma (4.3.7) lib/puma/server.rb:472:in `process_client'
puma (4.3.7) lib/puma/server.rb:328:in `block in run'
puma (4.3.7) lib/puma/thread_pool.rb:134:in `block in spawn_thread'
Started GET "/buckets" for ::1 at 2021-01-05 19:11:37 -0800
Processing by BucketsController#index as HTML
  [1m[36mBucket Load (0.2ms)[0m  [1m[34mSELECT "buckets".* FROM "buckets"[0m
  ↳ app/controllers/buckets_controller.rb:8:in `index'
[active_model_serializers]   [1m[36mThing Load (0.2ms)[0m  [1m[34mSELECT "things".* FROM "things" WHERE "things"."bucket_id" = ?[0m  [["bucket_id", 1]]
[active_model_serializers]   ↳ app/controllers/buckets_controller.rb:8:in `index'
[active_model_serializers] Rendered ActiveModel::Serializer::CollectionSerializer with ActiveModelSerializers::Adapter::Attributes (20.07ms)
Completed 200 OK in 41ms (Views: 37.1ms | ActiveRecord: 1.7ms | Allocations: 18366)


Started GET "/buckets" for ::1 at 2021-01-05 19:36:47 -0800
  [1m[35m (2.0ms)[0m  [1m[34mSELECT sqlite_version(*)[0m
  [1m[35m (0.2ms)[0m  [1m[34mSELECT "schema_migrations"."version" FROM "schema_migrations" ORDER BY "schema_migrations"."version" ASC[0m
Processing by BucketsController#index as */*
  [1m[36mBucket Load (0.1ms)[0m  [1m[34mSELECT "buckets".* FROM "buckets"[0m
  ↳ app/controllers/buckets_controller.rb:8:in `index'
[active_model_serializers]   [1m[36mThing Load (0.2ms)[0m  [1m[34mSELECT "things".* FROM "things" WHERE "things"."bucket_id" = ?[0m  [["bucket_id", 1]]
[active_model_serializers]   ↳ app/controllers/buckets_controller.rb:8:in `index'
[active_model_serializers] Rendered ActiveModel::Serializer::CollectionSerializer with ActiveModelSerializers::Adapter::Attributes (15.83ms)
Completed 200 OK in 33ms (Views: 28.7ms | ActiveRecord: 1.2ms | Allocations: 15854)


Started GET "/buckets" for ::1 at 2021-01-05 19:36:58 -0800
Processing by BucketsController#index as HTML
  [1m[36mBucket Load (0.1ms)[0m  [1m[34mSELECT "buckets".* FROM "buckets"[0m
  ↳ app/controllers/buckets_controller.rb:8:in `index'
[active_model_serializers]   [1m[36mThing Load (0.1ms)[0m  [1m[34mSELECT "things".* FROM "things" WHERE "things"."bucket_id" = ?[0m  [["bucket_id", 1]]
[active_model_serializers]   ↳ app/controllers/buckets_controller.rb:8:in `index'
[active_model_serializers] Rendered ActiveModel::Serializer::CollectionSerializer with ActiveModelSerializers::Adapter::Attributes (2.64ms)
Completed 200 OK in 5ms (Views: 4.2ms | ActiveRecord: 0.3ms | Allocations: 2696)


Started GET "/buckets" for ::1 at 2021-01-06 12:26:32 -0800
  [1m[35m (0.5ms)[0m  [1m[34mSELECT sqlite_version(*)[0m
  [1m[35m (0.2ms)[0m  [1m[34mSELECT "schema_migrations"."version" FROM "schema_migrations" ORDER BY "schema_migrations"."version" ASC[0m
Processing by BucketsController#index as */*
  [1m[36mBucket Load (0.2ms)[0m  [1m[34mSELECT "buckets".* FROM "buckets"[0m
  ↳ app/controllers/buckets_controller.rb:8:in `index'
[active_model_serializers]   [1m[36mThing Load (0.2ms)[0m  [1m[34mSELECT "things".* FROM "things" WHERE "things"."bucket_id" = ?[0m  [["bucket_id", 1]]
[active_model_serializers]   ↳ app/controllers/buckets_controller.rb:8:in `index'
[active_model_serializers] Rendered ActiveModel::Serializer::CollectionSerializer with ActiveModelSerializers::Adapter::Attributes (14.68ms)
Completed 200 OK in 33ms (Views: 28.9ms | ActiveRecord: 1.4ms | Allocations: 15854)


Started GET "/buckets" for ::1 at 2021-01-06 12:33:05 -0800
  [1m[35m (0.1ms)[0m  [1m[34mSELECT sqlite_version(*)[0m
Processing by BucketsController#index as */*
  [1m[36mBucket Load (0.2ms)[0m  [1m[34mSELECT "buckets".* FROM "buckets"[0m
  ↳ app/controllers/buckets_controller.rb:8:in `index'
[active_model_serializers]   [1m[36mThing Load (0.2ms)[0m  [1m[34mSELECT "things".* FROM "things" WHERE "things"."bucket_id" = ?[0m  [["bucket_id", 1]]
[active_model_serializers]   ↳ app/controllers/buckets_controller.rb:8:in `index'
[active_model_serializers] Rendered ActiveModel::Serializer::CollectionSerializer with ActiveModelSerializers::Adapter::Attributes (2.3ms)
Completed 200 OK in 4ms (Views: 3.7ms | ActiveRecord: 0.3ms | Allocations: 2722)


Started GET "/buckets" for ::1 at 2021-01-06 12:33:56 -0800
Processing by BucketsController#index as */*
  [1m[36mBucket Load (0.1ms)[0m  [1m[34mSELECT "buckets".* FROM "buckets"[0m
  ↳ app/controllers/buckets_controller.rb:8:in `index'
[active_model_serializers]   [1m[36mThing Load (0.1ms)[0m  [1m[34mSELECT "things".* FROM "things" WHERE "things"."bucket_id" = ?[0m  [["bucket_id", 1]]
[active_model_serializers]   ↳ app/controllers/buckets_controller.rb:8:in `index'
[active_model_serializers] Rendered ActiveModel::Serializer::CollectionSerializer with ActiveModelSerializers::Adapter::Attributes (2.91ms)
Completed 200 OK in 5ms (Views: 4.5ms | ActiveRecord: 0.3ms | Allocations: 2696)


Started GET "/buckets" for ::1 at 2021-01-06 12:35:06 -0800
Processing by BucketsController#index as */*
  [1m[36mBucket Load (0.1ms)[0m  [1m[34mSELECT "buckets".* FROM "buckets"[0m
  ↳ app/controllers/buckets_controller.rb:8:in `index'
[active_model_serializers]   [1m[36mThing Load (0.1ms)[0m  [1m[34mSELECT "things".* FROM "things" WHERE "things"."bucket_id" = ?[0m  [["bucket_id", 1]]
[active_model_serializers]   ↳ app/controllers/buckets_controller.rb:8:in `index'
[active_model_serializers] Rendered ActiveModel::Serializer::CollectionSerializer with ActiveModelSerializers::Adapter::Attributes (2.87ms)
Completed 200 OK in 5ms (Views: 4.3ms | ActiveRecord: 0.3ms | Allocations: 2696)


Started GET "/buckets" for ::1 at 2021-01-06 12:35:26 -0800
Processing by BucketsController#index as */*
  [1m[36mBucket Load (0.1ms)[0m  [1m[34mSELECT "buckets".* FROM "buckets"[0m
  ↳ app/controllers/buckets_controller.rb:8:in `index'
[active_model_serializers]   [1m[36mThing Load (0.1ms)[0m  [1m[34mSELECT "things".* FROM "things" WHERE "things"."bucket_id" = ?[0m  [["bucket_id", 1]]
[active_model_serializers]   ↳ app/controllers/buckets_controller.rb:8:in `index'
[active_model_serializers] Rendered ActiveModel::Serializer::CollectionSerializer with ActiveModelSerializers::Adapter::Attributes (2.2ms)
Completed 200 OK in 4ms (Views: 3.2ms | ActiveRecord: 0.2ms | Allocations: 2696)


Started GET "/buckets" for ::1 at 2021-01-06 12:35:39 -0800
Processing by BucketsController#index as */*
  [1m[36mBucket Load (0.1ms)[0m  [1m[34mSELECT "buckets".* FROM "buckets"[0m
  ↳ app/controllers/buckets_controller.rb:8:in `index'
[active_model_serializers]   [1m[36mThing Load (0.2ms)[0m  [1m[34mSELECT "things".* FROM "things" WHERE "things"."bucket_id" = ?[0m  [["bucket_id", 1]]
[active_model_serializers]   ↳ app/controllers/buckets_controller.rb:8:in `index'
[active_model_serializers] Rendered ActiveModel::Serializer::CollectionSerializer with ActiveModelSerializers::Adapter::Attributes (2.62ms)
Completed 200 OK in 4ms (Views: 3.7ms | ActiveRecord: 0.3ms | Allocations: 2677)


Started GET "/buckets" for ::1 at 2021-01-06 12:45:28 -0800
  [1m[35m (0.1ms)[0m  [1m[34mSELECT sqlite_version(*)[0m
Processing by BucketsController#index as */*
  [1m[36mBucket Load (0.2ms)[0m  [1m[34mSELECT "buckets".* FROM "buckets"[0m
  ↳ app/controllers/buckets_controller.rb:8:in `index'
[active_model_serializers]   [1m[36mThing Load (0.2ms)[0m  [1m[34mSELECT "things".* FROM "things" WHERE "things"."bucket_id" = ?[0m  [["bucket_id", 1]]
[active_model_serializers]   ↳ app/controllers/buckets_controller.rb:8:in `index'
[active_model_serializers] Rendered ActiveModel::Serializer::CollectionSerializer with ActiveModelSerializers::Adapter::Attributes (2.81ms)
Completed 200 OK in 5ms (Views: 4.2ms | ActiveRecord: 0.4ms | Allocations: 2708)


Started GET "/buckets/1" for ::1 at 2021-01-06 12:45:30 -0800
Processing by BucketsController#show as */*
  Parameters: {"id"=>"1"}
  [1m[36mBucket Load (0.2ms)[0m  [1m[34mSELECT "buckets".* FROM "buckets" WHERE "buckets"."id" = ? LIMIT ?[0m  [["id", 1], ["LIMIT", 1]]
  ↳ app/controllers/buckets_controller.rb:44:in `set_bucket'
[active_model_serializers]   [1m[36mThing Load (0.2ms)[0m  [1m[34mSELECT "things".* FROM "things" WHERE "things"."bucket_id" = ?[0m  [["bucket_id", 1]]
[active_model_serializers]   ↳ app/controllers/buckets_controller.rb:13:in `show'
[active_model_serializers] Rendered BucketSerializer with ActiveModelSerializers::Adapter::Attributes (3.52ms)
Completed 200 OK in 6ms (Views: 3.9ms | ActiveRecord: 0.4ms | Allocations: 2420)


Started GET "/buckets" for ::1 at 2021-01-06 12:45:34 -0800
Processing by BucketsController#index as */*
  [1m[36mBucket Load (0.1ms)[0m  [1m[34mSELECT "buckets".* FROM "buckets"[0m
  ↳ app/controllers/buckets_controller.rb:8:in `index'
[active_model_serializers]   [1m[36mThing Load (0.1ms)[0m  [1m[34mSELECT "things".* FROM "things" WHERE "things"."bucket_id" = ?[0m  [["bucket_id", 1]]
[active_model_serializers]   ↳ app/controllers/buckets_controller.rb:8:in `index'
[active_model_serializers] Rendered ActiveModel::Serializer::CollectionSerializer with ActiveModelSerializers::Adapter::Attributes (1.95ms)
Completed 200 OK in 3ms (Views: 3.0ms | ActiveRecord: 0.2ms | Allocations: 2677)


Started GET "/buckets" for ::1 at 2021-01-06 12:48:02 -0800
Processing by BucketsController#index as */*
  [1m[36mBucket Load (0.2ms)[0m  [1m[34mSELECT "buckets".* FROM "buckets"[0m
  ↳ app/controllers/buckets_controller.rb:8:in `index'
[active_model_serializers]   [1m[36mThing Load (0.1ms)[0m  [1m[34mSELECT "things".* FROM "things" WHERE "things"."bucket_id" = ?[0m  [["bucket_id", 1]]
[active_model_serializers]   ↳ app/controllers/buckets_controller.rb:8:in `index'
[active_model_serializers] Rendered ActiveModel::Serializer::CollectionSerializer with ActiveModelSerializers::Adapter::Attributes (2.45ms)
Completed 200 OK in 4ms (Views: 3.5ms | ActiveRecord: 0.3ms | Allocations: 2677)


Started GET "/buckets" for ::1 at 2021-01-06 12:48:23 -0800
Processing by BucketsController#index as */*
  [1m[36mBucket Load (0.1ms)[0m  [1m[34mSELECT "buckets".* FROM "buckets"[0m
  ↳ app/controllers/buckets_controller.rb:8:in `index'
[active_model_serializers]   [1m[36mThing Load (0.2ms)[0m  [1m[34mSELECT "things".* FROM "things" WHERE "things"."bucket_id" = ?[0m  [["bucket_id", 1]]
[active_model_serializers]   ↳ app/controllers/buckets_controller.rb:8:in `index'
[active_model_serializers] Rendered ActiveModel::Serializer::CollectionSerializer with ActiveModelSerializers::Adapter::Attributes (2.98ms)
Completed 200 OK in 4ms (Views: 4.0ms | ActiveRecord: 0.3ms | Allocations: 2677)


Started GET "/buckets/1" for ::1 at 2021-01-06 12:48:24 -0800
Processing by BucketsController#show as */*
  Parameters: {"id"=>"1"}
  [1m[36mBucket Load (0.1ms)[0m  [1m[34mSELECT "buckets".* FROM "buckets" WHERE "buckets"."id" = ? LIMIT ?[0m  [["id", 1], ["LIMIT", 1]]
  ↳ app/controllers/buckets_controller.rb:44:in `set_bucket'
[active_model_serializers]   [1m[36mThing Load (0.2ms)[0m  [1m[34mSELECT "things".* FROM "things" WHERE "things"."bucket_id" = ?[0m  [["bucket_id", 1]]
[active_model_serializers]   ↳ app/controllers/buckets_controller.rb:13:in `show'
[active_model_serializers] Rendered BucketSerializer with ActiveModelSerializers::Adapter::Attributes (3.04ms)
Completed 200 OK in 5ms (Views: 3.4ms | ActiveRecord: 0.3ms | Allocations: 2285)


Started GET "/buckets" for ::1 at 2021-01-06 12:50:29 -0800
Processing by BucketsController#index as */*
  [1m[36mBucket Load (0.1ms)[0m  [1m[34mSELECT "buckets".* FROM "buckets"[0m
  ↳ app/controllers/buckets_controller.rb:8:in `index'
[active_model_serializers]   [1m[36mThing Load (0.1ms)[0m  [1m[34mSELECT "things".* FROM "things" WHERE "things"."bucket_id" = ?[0m  [["bucket_id", 1]]
[active_model_serializers]   ↳ app/controllers/buckets_controller.rb:8:in `index'
[active_model_serializers] Rendered ActiveModel::Serializer::CollectionSerializer with ActiveModelSerializers::Adapter::Attributes (2.54ms)
Completed 200 OK in 4ms (Views: 3.9ms | ActiveRecord: 0.3ms | Allocations: 2677)


Started GET "/buckets/1" for ::1 at 2021-01-06 12:50:30 -0800
Processing by BucketsController#show as */*
  Parameters: {"id"=>"1"}
  [1m[36mBucket Load (0.1ms)[0m  [1m[34mSELECT "buckets".* FROM "buckets" WHERE "buckets"."id" = ? LIMIT ?[0m  [["id", 1], ["LIMIT", 1]]
  ↳ app/controllers/buckets_controller.rb:44:in `set_bucket'
[active_model_serializers]   [1m[36mThing Load (0.2ms)[0m  [1m[34mSELECT "things".* FROM "things" WHERE "things"."bucket_id" = ?[0m  [["bucket_id", 1]]
[active_model_serializers]   ↳ app/controllers/buckets_controller.rb:13:in `show'
[active_model_serializers] Rendered BucketSerializer with ActiveModelSerializers::Adapter::Attributes (3.33ms)
Completed 200 OK in 5ms (Views: 3.6ms | ActiveRecord: 0.4ms | Allocations: 2285)


Started GET "/buckets" for ::1 at 2021-01-06 12:55:52 -0800
  [1m[35m (0.1ms)[0m  [1m[34mSELECT sqlite_version(*)[0m
Processing by BucketsController#index as */*
  [1m[36mBucket Load (0.2ms)[0m  [1m[34mSELECT "buckets".* FROM "buckets"[0m
  ↳ app/controllers/buckets_controller.rb:8:in `index'
[active_model_serializers]   [1m[36mThing Load (0.2ms)[0m  [1m[34mSELECT "things".* FROM "things" WHERE "things"."bucket_id" = ?[0m  [["bucket_id", 1]]
[active_model_serializers]   ↳ app/controllers/buckets_controller.rb:8:in `index'
[active_model_serializers] Rendered ActiveModel::Serializer::CollectionSerializer with ActiveModelSerializers::Adapter::Attributes (2.9ms)
Completed 200 OK in 5ms (Views: 4.5ms | ActiveRecord: 0.4ms | Allocations: 2708)


Started GET "/buckets/1" for ::1 at 2021-01-06 12:55:54 -0800
Processing by BucketsController#show as */*
  Parameters: {"id"=>"1"}
  [1m[36mBucket Load (0.4ms)[0m  [1m[34mSELECT "buckets".* FROM "buckets" WHERE "buckets"."id" = ? LIMIT ?[0m  [["id", 1], ["LIMIT", 1]]
  ↳ app/controllers/buckets_controller.rb:44:in `set_bucket'
[active_model_serializers]   [1m[36mThing Load (0.3ms)[0m  [1m[34mSELECT "things".* FROM "things" WHERE "things"."bucket_id" = ?[0m  [["bucket_id", 1]]
[active_model_serializers]   ↳ app/controllers/buckets_controller.rb:13:in `show'
[active_model_serializers] Rendered BucketSerializer with ActiveModelSerializers::Adapter::Attributes (5.02ms)
Completed 200 OK in 9ms (Views: 5.5ms | ActiveRecord: 0.7ms | Allocations: 2298)


Started GET "/buckets" for ::1 at 2021-01-06 12:56:20 -0800
Processing by BucketsController#index as */*
  [1m[36mBucket Load (0.2ms)[0m  [1m[34mSELECT "buckets".* FROM "buckets"[0m
  ↳ app/controllers/buckets_controller.rb:8:in `index'
[active_model_serializers]   [1m[36mThing Load (0.2ms)[0m  [1m[34mSELECT "things".* FROM "things" WHERE "things"."bucket_id" = ?[0m  [["bucket_id", 1]]
[active_model_serializers]   ↳ app/controllers/buckets_controller.rb:8:in `index'
[active_model_serializers] Rendered ActiveModel::Serializer::CollectionSerializer with ActiveModelSerializers::Adapter::Attributes (2.79ms)
Completed 200 OK in 5ms (Views: 4.0ms | ActiveRecord: 0.4ms | Allocations: 2677)


Started GET "/buckets/1" for ::1 at 2021-01-06 12:56:22 -0800
Processing by BucketsController#show as */*
  Parameters: {"id"=>"1"}
  [1m[36mBucket Load (0.2ms)[0m  [1m[34mSELECT "buckets".* FROM "buckets" WHERE "buckets"."id" = ? LIMIT ?[0m  [["id", 1], ["LIMIT", 1]]
  ↳ app/controllers/buckets_controller.rb:44:in `set_bucket'
[active_model_serializers]   [1m[36mThing Load (0.2ms)[0m  [1m[34mSELECT "things".* FROM "things" WHERE "things"."bucket_id" = ?[0m  [["bucket_id", 1]]
[active_model_serializers]   ↳ app/controllers/buckets_controller.rb:13:in `show'
[active_model_serializers] Rendered BucketSerializer with ActiveModelSerializers::Adapter::Attributes (3.63ms)
Completed 200 OK in 6ms (Views: 3.9ms | ActiveRecord: 0.4ms | Allocations: 2285)


Started GET "/buckets" for ::1 at 2021-01-06 12:56:39 -0800
Processing by BucketsController#index as */*
  [1m[36mBucket Load (0.2ms)[0m  [1m[34mSELECT "buckets".* FROM "buckets"[0m
  ↳ app/controllers/buckets_controller.rb:8:in `index'
[active_model_serializers]   [1m[36mThing Load (0.2ms)[0m  [1m[34mSELECT "things".* FROM "things" WHERE "things"."bucket_id" = ?[0m  [["bucket_id", 1]]
[active_model_serializers]   ↳ app/controllers/buckets_controller.rb:8:in `index'
[active_model_serializers] Rendered ActiveModel::Serializer::CollectionSerializer with ActiveModelSerializers::Adapter::Attributes (2.94ms)
Completed 200 OK in 5ms (Views: 4.7ms | ActiveRecord: 0.5ms | Allocations: 2677)


Started GET "/buckets/1" for ::1 at 2021-01-06 12:56:40 -0800
Processing by BucketsController#show as */*
  Parameters: {"id"=>"1"}
  [1m[36mBucket Load (0.2ms)[0m  [1m[34mSELECT "buckets".* FROM "buckets" WHERE "buckets"."id" = ? LIMIT ?[0m  [["id", 1], ["LIMIT", 1]]
  ↳ app/controllers/buckets_controller.rb:44:in `set_bucket'
[active_model_serializers]   [1m[36mThing Load (0.3ms)[0m  [1m[34mSELECT "things".* FROM "things" WHERE "things"."bucket_id" = ?[0m  [["bucket_id", 1]]
[active_model_serializers]   ↳ app/controllers/buckets_controller.rb:13:in `show'
[active_model_serializers] Rendered BucketSerializer with ActiveModelSerializers::Adapter::Attributes (4.55ms)
Completed 200 OK in 8ms (Views: 4.9ms | ActiveRecord: 0.6ms | Allocations: 2285)


Started GET "/buckets" for ::1 at 2021-01-06 13:04:58 -0800
  [1m[35m (0.1ms)[0m  [1m[34mSELECT sqlite_version(*)[0m
Processing by BucketsController#index as */*
  [1m[36mBucket Load (0.2ms)[0m  [1m[34mSELECT "buckets".* FROM "buckets"[0m
  ↳ app/controllers/buckets_controller.rb:8:in `index'
[active_model_serializers]   [1m[36mThing Load (0.2ms)[0m  [1m[34mSELECT "things".* FROM "things" WHERE "things"."bucket_id" = ?[0m  [["bucket_id", 1]]
[active_model_serializers]   ↳ app/controllers/buckets_controller.rb:8:in `index'
[active_model_serializers] Rendered ActiveModel::Serializer::CollectionSerializer with ActiveModelSerializers::Adapter::Attributes (3.58ms)
Completed 200 OK in 6ms (Views: 4.8ms | ActiveRecord: 0.4ms | Allocations: 2708)


Started GET "/buckets/1" for ::1 at 2021-01-06 13:05:01 -0800
Processing by BucketsController#show as */*
  Parameters: {"id"=>"1"}
  [1m[36mBucket Load (0.2ms)[0m  [1m[34mSELECT "buckets".* FROM "buckets" WHERE "buckets"."id" = ? LIMIT ?[0m  [["id", 1], ["LIMIT", 1]]
  ↳ app/controllers/buckets_controller.rb:44:in `set_bucket'
[active_model_serializers]   [1m[36mThing Load (0.2ms)[0m  [1m[34mSELECT "things".* FROM "things" WHERE "things"."bucket_id" = ?[0m  [["bucket_id", 1]]
[active_model_serializers]   ↳ app/controllers/buckets_controller.rb:13:in `show'
[active_model_serializers] Rendered BucketSerializer with ActiveModelSerializers::Adapter::Attributes (4.38ms)
Completed 200 OK in 7ms (Views: 4.9ms | ActiveRecord: 0.4ms | Allocations: 2298)


Started GET "/buckets" for ::1 at 2021-01-06 13:05:28 -0800
Processing by BucketsController#index as */*
  [1m[36mBucket Load (0.1ms)[0m  [1m[34mSELECT "buckets".* FROM "buckets"[0m
  ↳ app/controllers/buckets_controller.rb:8:in `index'
[active_model_serializers]   [1m[36mThing Load (0.1ms)[0m  [1m[34mSELECT "things".* FROM "things" WHERE "things"."bucket_id" = ?[0m  [["bucket_id", 1]]
[active_model_serializers]   ↳ app/controllers/buckets_controller.rb:8:in `index'
[active_model_serializers] Rendered ActiveModel::Serializer::CollectionSerializer with ActiveModelSerializers::Adapter::Attributes (2.51ms)
Completed 200 OK in 4ms (Views: 3.7ms | ActiveRecord: 0.3ms | Allocations: 2677)


Started GET "/buckets/1" for ::1 at 2021-01-06 13:05:29 -0800
Processing by BucketsController#show as */*
  Parameters: {"id"=>"1"}
  [1m[36mBucket Load (0.2ms)[0m  [1m[34mSELECT "buckets".* FROM "buckets" WHERE "buckets"."id" = ? LIMIT ?[0m  [["id", 1], ["LIMIT", 1]]
  ↳ app/controllers/buckets_controller.rb:44:in `set_bucket'
[active_model_serializers]   [1m[36mThing Load (0.4ms)[0m  [1m[34mSELECT "things".* FROM "things" WHERE "things"."bucket_id" = ?[0m  [["bucket_id", 1]]
[active_model_serializers]   ↳ app/controllers/buckets_controller.rb:13:in `show'
[active_model_serializers] Rendered BucketSerializer with ActiveModelSerializers::Adapter::Attributes (5.88ms)
Completed 200 OK in 9ms (Views: 6.5ms | ActiveRecord: 0.6ms | Allocations: 2285)


Started GET "/buckets" for ::1 at 2021-01-06 13:05:43 -0800
Processing by BucketsController#index as */*
  [1m[36mBucket Load (0.1ms)[0m  [1m[34mSELECT "buckets".* FROM "buckets"[0m
  ↳ app/controllers/buckets_controller.rb:8:in `index'
[active_model_serializers]   [1m[36mThing Load (0.1ms)[0m  [1m[34mSELECT "things".* FROM "things" WHERE "things"."bucket_id" = ?[0m  [["bucket_id", 1]]
[active_model_serializers]   ↳ app/controllers/buckets_controller.rb:8:in `index'
[active_model_serializers] Rendered ActiveModel::Serializer::CollectionSerializer with ActiveModelSerializers::Adapter::Attributes (2.82ms)
Completed 200 OK in 5ms (Views: 4.2ms | ActiveRecord: 0.3ms | Allocations: 2677)


Started GET "/buckets/1" for ::1 at 2021-01-06 13:05:45 -0800
Processing by BucketsController#show as */*
  Parameters: {"id"=>"1"}
  [1m[36mBucket Load (0.3ms)[0m  [1m[34mSELECT "buckets".* FROM "buckets" WHERE "buckets"."id" = ? LIMIT ?[0m  [["id", 1], ["LIMIT", 1]]
  ↳ app/controllers/buckets_controller.rb:44:in `set_bucket'
[active_model_serializers]   [1m[36mThing Load (0.2ms)[0m  [1m[34mSELECT "things".* FROM "things" WHERE "things"."bucket_id" = ?[0m  [["bucket_id", 1]]
[active_model_serializers]   ↳ app/controllers/buckets_controller.rb:13:in `show'
[active_model_serializers] Rendered BucketSerializer with ActiveModelSerializers::Adapter::Attributes (17.74ms)
Completed 200 OK in 21ms (Views: 18.3ms | ActiveRecord: 0.5ms | Allocations: 2288)


